{
  "RSpec": {
    "coverage": {
      "/Users/anouskahopkins/Makers/Week_10/bank-tech-test/spec/account_spec.rb": [
        1,
        null,
        1,
        2,
        4,
        6,
        null,
        1,
        1,
        null,
        null,
        1,
        1,
        null,
        null,
        1,
        1,
        3,
        null,
        null,
        1,
        1,
        null,
        null,
        1,
        1,
        1,
        null,
        null,
        1,
        1,
        null,
        null,
        null,
        null
      ],
      "/Users/anouskahopkins/Makers/Week_10/bank-tech-test/lib/account.rb": [
        null,
        1,
        1,
        null,
        1,
        6,
        6,
        null,
        null,
        1,
        7,
        7,
        null,
        null,
        1,
        null,
        1,
        7,
        null,
        null
      ],
      "/Users/anouskahopkins/Makers/Week_10/bank-tech-test/spec/credit_spec.rb": [
        1,
        null,
        1,
        3,
        3,
        null,
        1,
        1,
        null,
        null,
        1,
        1,
        null,
        null
      ],
      "/Users/anouskahopkins/Makers/Week_10/bank-tech-test/lib/credit.rb": [
        null,
        1,
        1,
        null,
        1,
        4,
        4,
        null,
        null
      ],
      "/Users/anouskahopkins/Makers/Week_10/bank-tech-test/spec/debit_spec.rb": [
        1,
        null,
        1,
        3,
        3,
        null,
        1,
        1,
        null,
        null,
        1,
        1,
        null,
        null
      ],
      "/Users/anouskahopkins/Makers/Week_10/bank-tech-test/lib/debit.rb": [
        null,
        1,
        1,
        null,
        1,
        3,
        3,
        null,
        null
      ],
      "/Users/anouskahopkins/Makers/Week_10/bank-tech-test/spec/features/updating_balance_spec.rb": [
        1,
        1,
        1,
        1,
        1,
        1,
        1,
        null,
        1,
        1,
        1,
        null,
        1,
        1,
        1,
        null,
        null
      ],
      "/Users/anouskahopkins/Makers/Week_10/bank-tech-test/spec/statement_spec.rb": [
        1,
        null,
        1,
        2,
        2,
        2,
        2,
        null,
        1,
        1,
        1,
        null,
        null,
        null
      ],
      "/Users/anouskahopkins/Makers/Week_10/bank-tech-test/lib/statement.rb": [
        null,
        1,
        1,
        null,
        1,
        2,
        null,
        null,
        1,
        4,
        12,
        4,
        null,
        null,
        1,
        null,
        1,
        8,
        null,
        6,
        null,
        null,
        null
      ],
      "/Users/anouskahopkins/Makers/Week_10/bank-tech-test/spec/transaction_spec.rb": [
        1,
        null,
        1,
        4,
        4,
        null,
        1,
        1,
        null,
        null,
        1,
        1,
        null,
        null,
        1,
        1,
        null,
        null,
        null
      ],
      "/Users/anouskahopkins/Makers/Week_10/bank-tech-test/lib/transaction.rb": [
        null,
        1,
        1,
        null,
        1,
        10,
        10,
        10,
        null,
        null
      ]
    },
    "timestamp": 1543933134
  }
}
